2018-08-11 02:33:43,035 INFO org.springframework.boot.StartupInfoLogger [main] Starting MultauthenticationApplicationTests on saurav-HP-Notebook with PID 17409 (started by hduser in /home/hduser/workspaces/java/multauthentication)
2018-08-11 02:33:43,041 DEBUG org.springframework.boot.StartupInfoLogger [main] Running with Spring Boot v1.5.16.BUILD-SNAPSHOT, Spring v4.3.18.RELEASE
2018-08-11 02:33:43,047 INFO org.springframework.boot.SpringApplication [main] No active profile set, falling back to default profiles: default
2018-08-11 02:33:43,167 INFO org.springframework.context.support.AbstractApplicationContext [main] Refreshing org.springframework.web.context.support.GenericWebApplicationContext@54a7079e: startup date [Sat Aug 11 02:33:43 IST 2018]; root of context hierarchy
2018-08-11 02:33:44,053 INFO org.hibernate.validator.internal.util.Version [background-preinit] HV000001: Hibernate Validator 5.3.6.Final
2018-08-11 02:33:46,473 INFO org.springframework.boot.autoconfigure.security.AuthenticationManagerConfiguration$DefaultInMemoryUserDetailsManagerConfigurer [main] 

Using default security password: 9756c9c3-0f76-408a-915e-b403e7e286de

2018-08-11 02:33:46,886 INFO org.springframework.security.web.DefaultSecurityFilterChain [main] Creating filter chain: Ant [pattern='/api/smuser/**'], [org.springframework.security.web.context.request.async.WebAsyncManagerIntegrationFilter@4642b71d, org.springframework.security.web.context.SecurityContextPersistenceFilter@5942ee04, org.springframework.security.web.header.HeaderWriterFilter@4d6f623d, org.springframework.security.web.csrf.CsrfFilter@69e308c6, org.springframework.security.web.authentication.logout.LogoutFilter@c3c4c1c, org.springsecurity.multauthentication.SiteMinderFilter@1450078a, org.springframework.security.web.savedrequest.RequestCacheAwareFilter@757194dc, org.springframework.security.web.servletapi.SecurityContextHolderAwareRequestFilter@5baaae4c, org.springframework.security.web.authentication.AnonymousAuthenticationFilter@c68a5f8, org.springframework.security.web.session.SessionManagementFilter@d0ec63, org.springframework.security.web.access.ExceptionTranslationFilter@58f174d9, org.springframework.security.web.access.intercept.FilterSecurityInterceptor@6eafb10e]
2018-08-11 02:33:46,897 INFO org.springframework.security.web.DefaultSecurityFilterChain [main] Creating filter chain: Ant [pattern='/api/jwt/**'], [org.springframework.security.web.context.request.async.WebAsyncManagerIntegrationFilter@3122b117, org.springframework.security.web.context.SecurityContextPersistenceFilter@6ef7623, org.springframework.security.web.header.HeaderWriterFilter@5eccd3b9, org.springframework.security.web.csrf.CsrfFilter@41e1455d, org.springframework.security.web.authentication.logout.LogoutFilter@6999cd39, org.springsecurity.multauthentication.JwtFilter@534ca02b, org.springframework.security.web.savedrequest.RequestCacheAwareFilter@64e1dd11, org.springframework.security.web.servletapi.SecurityContextHolderAwareRequestFilter@5c089b2f, org.springframework.security.web.authentication.AnonymousAuthenticationFilter@29a23c3d, org.springframework.security.web.session.SessionManagementFilter@4d6f197e, org.springframework.security.web.access.ExceptionTranslationFilter@4e558728, org.springframework.security.web.access.intercept.FilterSecurityInterceptor@2bc12da]
2018-08-11 02:33:47,978 INFO org.springframework.web.servlet.mvc.method.annotation.RequestMappingHandlerAdapter [main] Looking for @ControllerAdvice: org.springframework.web.context.support.GenericWebApplicationContext@54a7079e: startup date [Sat Aug 11 02:33:43 IST 2018]; root of context hierarchy
2018-08-11 02:33:48,165 INFO org.springframework.web.servlet.handler.AbstractHandlerMethodMapping$MappingRegistry [main] Mapped "{[/api/jwt/test],methods=[GET]}" onto public java.lang.String org.springsecurity.multauthentication.MultipleController.jwtMethod()
2018-08-11 02:33:48,168 INFO org.springframework.web.servlet.handler.AbstractHandlerMethodMapping$MappingRegistry [main] Mapped "{[/api/smuser/test],methods=[GET]}" onto public java.lang.String org.springsecurity.multauthentication.MultipleController.siteminderMethod()
2018-08-11 02:33:48,170 INFO org.springframework.web.servlet.handler.AbstractHandlerMethodMapping$MappingRegistry [main] Mapped "{[/api/jwt/unauthorized/test],methods=[GET]}" onto public java.lang.String org.springsecurity.multauthentication.MultipleController.unauthorized()
2018-08-11 02:33:48,179 INFO org.springframework.web.servlet.handler.AbstractHandlerMethodMapping$MappingRegistry [main] Mapped "{[/error],produces=[text/html]}" onto public org.springframework.web.servlet.ModelAndView org.springframework.boot.autoconfigure.web.BasicErrorController.errorHtml(javax.servlet.http.HttpServletRequest,javax.servlet.http.HttpServletResponse)
2018-08-11 02:33:48,181 INFO org.springframework.web.servlet.handler.AbstractHandlerMethodMapping$MappingRegistry [main] Mapped "{[/error]}" onto public org.springframework.http.ResponseEntity<java.util.Map<java.lang.String, java.lang.Object>> org.springframework.boot.autoconfigure.web.BasicErrorController.error(javax.servlet.http.HttpServletRequest)
2018-08-11 02:33:48,263 INFO org.springframework.web.servlet.handler.AbstractUrlHandlerMapping [main] Mapped URL path [/webjars/**] onto handler of type [class org.springframework.web.servlet.resource.ResourceHttpRequestHandler]
2018-08-11 02:33:48,264 INFO org.springframework.web.servlet.handler.AbstractUrlHandlerMapping [main] Mapped URL path [/**] onto handler of type [class org.springframework.web.servlet.resource.ResourceHttpRequestHandler]
2018-08-11 02:33:48,371 INFO org.springframework.web.servlet.handler.AbstractUrlHandlerMapping [main] Mapped URL path [/**/favicon.ico] onto handler of type [class org.springframework.web.servlet.resource.ResourceHttpRequestHandler]
2018-08-11 02:33:48,849 INFO org.springframework.boot.StartupInfoLogger [main] Started MultauthenticationApplicationTests in 6.58 seconds (JVM running for 8.141)
2018-08-11 02:33:49,042 INFO org.springframework.context.support.AbstractApplicationContext [Thread-2] Closing org.springframework.web.context.support.GenericWebApplicationContext@54a7079e: startup date [Sat Aug 11 02:33:43 IST 2018]; root of context hierarchy
2018-08-11 02:34:18,450 INFO org.springframework.boot.StartupInfoLogger [main] Starting MultauthenticationApplication on saurav-HP-Notebook with PID 17690 (/home/hduser/workspaces/java/multauthentication/target/classes started by hduser in /home/hduser/workspaces/java/multauthentication)
2018-08-11 02:34:18,471 DEBUG org.springframework.boot.StartupInfoLogger [main] Running with Spring Boot v1.5.16.BUILD-SNAPSHOT, Spring v4.3.18.RELEASE
2018-08-11 02:34:18,473 INFO org.springframework.boot.SpringApplication [main] No active profile set, falling back to default profiles: default
2018-08-11 02:34:18,666 INFO org.springframework.context.support.AbstractApplicationContext [main] Refreshing org.springframework.boot.context.embedded.AnnotationConfigEmbeddedWebApplicationContext@625b0bb1: startup date [Sat Aug 11 02:34:18 IST 2018]; root of context hierarchy
2018-08-11 02:34:19,557 INFO org.hibernate.validator.internal.util.Version [background-preinit] HV000001: Hibernate Validator 5.3.6.Final
2018-08-11 02:34:22,806 INFO org.springframework.boot.context.embedded.tomcat.TomcatEmbeddedServletContainer [main] Tomcat initialized with port(s): 8080 (http)
2018-08-11 02:34:22,875 INFO org.apache.juli.logging.DirectJDKLog [main] Initializing ProtocolHandler ["http-nio-8080"]
2018-08-11 02:34:22,914 INFO org.apache.juli.logging.DirectJDKLog [main] Starting service [Tomcat]
2018-08-11 02:34:22,915 INFO org.apache.juli.logging.DirectJDKLog [main] Starting Servlet Engine: Apache Tomcat/8.5.32
2018-08-11 02:34:23,218 INFO org.apache.juli.logging.DirectJDKLog [localhost-startStop-1] Initializing Spring embedded WebApplicationContext
2018-08-11 02:34:23,220 INFO org.springframework.boot.context.embedded.EmbeddedWebApplicationContext [localhost-startStop-1] Root WebApplicationContext: initialization completed in 4554 ms
2018-08-11 02:34:24,279 INFO org.springframework.boot.web.servlet.AbstractFilterRegistrationBean [localhost-startStop-1] Mapping filter: 'characterEncodingFilter' to: [/*]
2018-08-11 02:34:24,281 INFO org.springframework.boot.web.servlet.AbstractFilterRegistrationBean [localhost-startStop-1] Mapping filter: 'hiddenHttpMethodFilter' to: [/*]
2018-08-11 02:34:24,282 INFO org.springframework.boot.web.servlet.AbstractFilterRegistrationBean [localhost-startStop-1] Mapping filter: 'httpPutFormContentFilter' to: [/*]
2018-08-11 02:34:24,283 INFO org.springframework.boot.web.servlet.AbstractFilterRegistrationBean [localhost-startStop-1] Mapping filter: 'requestContextFilter' to: [/*]
2018-08-11 02:34:24,287 INFO org.springframework.boot.web.servlet.AbstractFilterRegistrationBean [localhost-startStop-1] Mapping filter: 'springSecurityFilterChain' to: [/*]
2018-08-11 02:34:24,288 INFO org.springframework.boot.web.servlet.AbstractFilterRegistrationBean [localhost-startStop-1] Mapping filter: 'jwtFilter' to: [/*]
2018-08-11 02:34:24,288 INFO org.springframework.boot.web.servlet.AbstractFilterRegistrationBean [localhost-startStop-1] Mapping filter: 'siteMinderFilter' to: [/*]
2018-08-11 02:34:24,289 INFO org.springframework.boot.web.servlet.ServletRegistrationBean [localhost-startStop-1] Mapping servlet: 'dispatcherServlet' to [/]
2018-08-11 02:34:24,346 DEBUG org.springframework.web.filter.GenericFilterBean [localhost-startStop-1] Initializing filter 'siteMinderFilter'
2018-08-11 02:34:24,347 DEBUG org.springframework.web.filter.GenericFilterBean [localhost-startStop-1] Filter 'siteMinderFilter' configured successfully
2018-08-11 02:34:24,349 DEBUG org.springframework.web.filter.GenericFilterBean [localhost-startStop-1] Initializing filter 'jwtFilter'
2018-08-11 02:34:24,350 DEBUG org.springframework.web.filter.GenericFilterBean [localhost-startStop-1] Filter 'jwtFilter' configured successfully
2018-08-11 02:34:24,735 INFO org.springframework.boot.autoconfigure.security.AuthenticationManagerConfiguration$DefaultInMemoryUserDetailsManagerConfigurer [main] 

Using default security password: 5645f9f4-78fa-486e-b1e2-c17f46939f37

2018-08-11 02:34:25,246 INFO org.springframework.security.web.DefaultSecurityFilterChain [main] Creating filter chain: Ant [pattern='/api/smuser/**'], [org.springframework.security.web.context.request.async.WebAsyncManagerIntegrationFilter@474a8276, org.springframework.security.web.context.SecurityContextPersistenceFilter@5b278e96, org.springframework.security.web.header.HeaderWriterFilter@49911db7, org.springframework.security.web.csrf.CsrfFilter@5087f641, org.springframework.security.web.authentication.logout.LogoutFilter@1819212c, org.springsecurity.multauthentication.SiteMinderFilter@4cfdc164, org.springframework.security.web.savedrequest.RequestCacheAwareFilter@48f7d866, org.springframework.security.web.servletapi.SecurityContextHolderAwareRequestFilter@734e786a, org.springframework.security.web.authentication.AnonymousAuthenticationFilter@5717bf35, org.springframework.security.web.session.SessionManagementFilter@6e163d55, org.springframework.security.web.access.ExceptionTranslationFilter@2382847c, org.springframework.security.web.access.intercept.FilterSecurityInterceptor@73930919]
2018-08-11 02:34:25,255 INFO org.springframework.security.web.DefaultSecurityFilterChain [main] Creating filter chain: Ant [pattern='/api/jwt/**'], [org.springframework.security.web.context.request.async.WebAsyncManagerIntegrationFilter@5ece4d45, org.springframework.security.web.context.SecurityContextPersistenceFilter@2e1d6603, org.springframework.security.web.header.HeaderWriterFilter@4811766e, org.springframework.security.web.csrf.CsrfFilter@37953d9c, org.springframework.security.web.authentication.logout.LogoutFilter@1a9222ef, org.springsecurity.multauthentication.JwtFilter@485e788e, org.springframework.security.web.savedrequest.RequestCacheAwareFilter@3fcdea0a, org.springframework.security.web.servletapi.SecurityContextHolderAwareRequestFilter@7c2c599b, org.springframework.security.web.authentication.AnonymousAuthenticationFilter@73b4d7df, org.springframework.security.web.session.SessionManagementFilter@307ad44d, org.springframework.security.web.access.ExceptionTranslationFilter@3f85c892, org.springframework.security.web.access.intercept.FilterSecurityInterceptor@7bb30157]
2018-08-11 02:34:26,029 INFO org.springframework.web.servlet.mvc.method.annotation.RequestMappingHandlerAdapter [main] Looking for @ControllerAdvice: org.springframework.boot.context.embedded.AnnotationConfigEmbeddedWebApplicationContext@625b0bb1: startup date [Sat Aug 11 02:34:18 IST 2018]; root of context hierarchy
2018-08-11 02:34:26,289 INFO org.springframework.web.servlet.handler.AbstractHandlerMethodMapping$MappingRegistry [main] Mapped "{[/api/jwt/unauthorized/test],methods=[GET]}" onto public java.lang.String org.springsecurity.multauthentication.MultipleController.unauthorized()
2018-08-11 02:34:26,292 INFO org.springframework.web.servlet.handler.AbstractHandlerMethodMapping$MappingRegistry [main] Mapped "{[/api/smuser/test],methods=[GET]}" onto public java.lang.String org.springsecurity.multauthentication.MultipleController.siteminderMethod()
2018-08-11 02:34:26,294 INFO org.springframework.web.servlet.handler.AbstractHandlerMethodMapping$MappingRegistry [main] Mapped "{[/api/jwt/test],methods=[GET]}" onto public java.lang.String org.springsecurity.multauthentication.MultipleController.jwtMethod()
2018-08-11 02:34:26,307 INFO org.springframework.web.servlet.handler.AbstractHandlerMethodMapping$MappingRegistry [main] Mapped "{[/error],produces=[text/html]}" onto public org.springframework.web.servlet.ModelAndView org.springframework.boot.autoconfigure.web.BasicErrorController.errorHtml(javax.servlet.http.HttpServletRequest,javax.servlet.http.HttpServletResponse)
2018-08-11 02:34:26,309 INFO org.springframework.web.servlet.handler.AbstractHandlerMethodMapping$MappingRegistry [main] Mapped "{[/error]}" onto public org.springframework.http.ResponseEntity<java.util.Map<java.lang.String, java.lang.Object>> org.springframework.boot.autoconfigure.web.BasicErrorController.error(javax.servlet.http.HttpServletRequest)
2018-08-11 02:34:26,435 INFO org.springframework.web.servlet.handler.AbstractUrlHandlerMapping [main] Mapped URL path [/webjars/**] onto handler of type [class org.springframework.web.servlet.resource.ResourceHttpRequestHandler]
2018-08-11 02:34:26,437 INFO org.springframework.web.servlet.handler.AbstractUrlHandlerMapping [main] Mapped URL path [/**] onto handler of type [class org.springframework.web.servlet.resource.ResourceHttpRequestHandler]
2018-08-11 02:34:26,617 INFO org.springframework.web.servlet.handler.AbstractUrlHandlerMapping [main] Mapped URL path [/**/favicon.ico] onto handler of type [class org.springframework.web.servlet.resource.ResourceHttpRequestHandler]
2018-08-11 02:34:27,454 INFO org.springframework.jmx.export.MBeanExporter [main] Registering beans for JMX exposure on startup
2018-08-11 02:34:27,490 INFO org.apache.juli.logging.DirectJDKLog [main] Starting ProtocolHandler ["http-nio-8080"]
2018-08-11 02:34:27,540 INFO org.apache.juli.logging.DirectJDKLog [main] Using a shared selector for servlet write/read
2018-08-11 02:34:27,631 INFO org.springframework.boot.context.embedded.tomcat.TomcatEmbeddedServletContainer [main] Tomcat started on port(s): 8080 (http)
2018-08-11 02:34:27,673 INFO org.springframework.boot.StartupInfoLogger [main] Started MultauthenticationApplication in 10.577 seconds (JVM running for 18.909)
2018-08-11 02:39:15,811 INFO org.springframework.boot.StartupInfoLogger [main] Starting MultauthenticationApplicationTests on saurav-HP-Notebook with PID 19136 (started by hduser in /home/hduser/workspaces/java/multauthentication)
2018-08-11 02:39:15,834 DEBUG org.springframework.boot.StartupInfoLogger [main] Running with Spring Boot v1.5.16.BUILD-SNAPSHOT, Spring v4.3.18.RELEASE
2018-08-11 02:39:15,848 INFO org.springframework.boot.SpringApplication [main] No active profile set, falling back to default profiles: default
2018-08-11 02:39:16,001 INFO org.springframework.context.support.AbstractApplicationContext [main] Refreshing org.springframework.web.context.support.GenericWebApplicationContext@26e356f0: startup date [Sat Aug 11 02:39:16 IST 2018]; root of context hierarchy
2018-08-11 02:39:16,962 INFO org.hibernate.validator.internal.util.Version [background-preinit] HV000001: Hibernate Validator 5.3.6.Final
2018-08-11 02:39:19,453 INFO org.springframework.boot.autoconfigure.security.AuthenticationManagerConfiguration$DefaultInMemoryUserDetailsManagerConfigurer [main] 

Using default security password: 101e67f3-11db-4fa3-a1ab-1119f0b4172f

2018-08-11 02:39:19,839 INFO org.springframework.security.web.DefaultSecurityFilterChain [main] Creating filter chain: Ant [pattern='/api/smuser/**'], [org.springframework.security.web.context.request.async.WebAsyncManagerIntegrationFilter@5c41d037, org.springframework.security.web.context.SecurityContextPersistenceFilter@d0ec63, org.springframework.security.web.header.HeaderWriterFilter@78c7f9b3, org.springframework.security.web.csrf.CsrfFilter@51745f40, org.springframework.security.web.authentication.logout.LogoutFilter@19f040ba, org.springsecurity.multauthentication.SiteMinderFilter@2234078, org.springframework.security.web.savedrequest.RequestCacheAwareFilter@73eb8672, org.springframework.security.web.servletapi.SecurityContextHolderAwareRequestFilter@2fb5fe30, org.springframework.security.web.authentication.AnonymousAuthenticationFilter@5ec77191, org.springframework.security.web.session.SessionManagementFilter@601cbd8c, org.springframework.security.web.access.ExceptionTranslationFilter@291120f4, org.springframework.security.web.access.intercept.FilterSecurityInterceptor@6d64b553]
2018-08-11 02:39:19,848 INFO org.springframework.security.web.DefaultSecurityFilterChain [main] Creating filter chain: Ant [pattern='/api/jwt/**'], [org.springframework.security.web.context.request.async.WebAsyncManagerIntegrationFilter@66908383, org.springframework.security.web.context.SecurityContextPersistenceFilter@4e558728, org.springframework.security.web.header.HeaderWriterFilter@6bff19ff, org.springframework.security.web.csrf.CsrfFilter@3eb631b8, org.springframework.security.web.authentication.logout.LogoutFilter@6ef7623, org.springsecurity.multauthentication.JwtFilter@41477a6d, org.springframework.security.web.savedrequest.RequestCacheAwareFilter@5eccd3b9, org.springframework.security.web.servletapi.SecurityContextHolderAwareRequestFilter@4d6f197e, org.springframework.security.web.authentication.AnonymousAuthenticationFilter@2bc12da, org.springframework.security.web.session.SessionManagementFilter@41e1455d, org.springframework.security.web.access.ExceptionTranslationFilter@796d3c9f, org.springframework.security.web.access.intercept.FilterSecurityInterceptor@7ed9ae94]
2018-08-11 02:39:20,910 INFO org.springframework.web.servlet.mvc.method.annotation.RequestMappingHandlerAdapter [main] Looking for @ControllerAdvice: org.springframework.web.context.support.GenericWebApplicationContext@26e356f0: startup date [Sat Aug 11 02:39:16 IST 2018]; root of context hierarchy
2018-08-11 02:39:21,108 INFO org.springframework.web.servlet.handler.AbstractHandlerMethodMapping$MappingRegistry [main] Mapped "{[/api/jwt/test],methods=[GET]}" onto public java.lang.String org.springsecurity.multauthentication.MultipleController.jwtMethod()
2018-08-11 02:39:21,126 INFO org.springframework.web.servlet.handler.AbstractHandlerMethodMapping$MappingRegistry [main] Mapped "{[/api/jwt/unauthorized/test],methods=[GET]}" onto public java.lang.String org.springsecurity.multauthentication.MultipleController.unauthorized()
2018-08-11 02:39:21,128 INFO org.springframework.web.servlet.handler.AbstractHandlerMethodMapping$MappingRegistry [main] Mapped "{[/api/smuser/test],methods=[GET]}" onto public java.lang.String org.springsecurity.multauthentication.MultipleController.siteminderMethod()
2018-08-11 02:39:21,142 INFO org.springframework.web.servlet.handler.AbstractHandlerMethodMapping$MappingRegistry [main] Mapped "{[/error],produces=[text/html]}" onto public org.springframework.web.servlet.ModelAndView org.springframework.boot.autoconfigure.web.BasicErrorController.errorHtml(javax.servlet.http.HttpServletRequest,javax.servlet.http.HttpServletResponse)
2018-08-11 02:39:21,145 INFO org.springframework.web.servlet.handler.AbstractHandlerMethodMapping$MappingRegistry [main] Mapped "{[/error]}" onto public org.springframework.http.ResponseEntity<java.util.Map<java.lang.String, java.lang.Object>> org.springframework.boot.autoconfigure.web.BasicErrorController.error(javax.servlet.http.HttpServletRequest)
2018-08-11 02:39:21,234 INFO org.springframework.web.servlet.handler.AbstractUrlHandlerMapping [main] Mapped URL path [/webjars/**] onto handler of type [class org.springframework.web.servlet.resource.ResourceHttpRequestHandler]
2018-08-11 02:39:21,235 INFO org.springframework.web.servlet.handler.AbstractUrlHandlerMapping [main] Mapped URL path [/**] onto handler of type [class org.springframework.web.servlet.resource.ResourceHttpRequestHandler]
2018-08-11 02:39:21,395 INFO org.springframework.web.servlet.handler.AbstractUrlHandlerMapping [main] Mapped URL path [/**/favicon.ico] onto handler of type [class org.springframework.web.servlet.resource.ResourceHttpRequestHandler]
2018-08-11 02:39:21,871 INFO org.springframework.boot.StartupInfoLogger [main] Started MultauthenticationApplicationTests in 6.884 seconds (JVM running for 8.702)
2018-08-11 02:39:22,073 INFO org.springframework.context.support.AbstractApplicationContext [Thread-2] Closing org.springframework.web.context.support.GenericWebApplicationContext@26e356f0: startup date [Sat Aug 11 02:39:16 IST 2018]; root of context hierarchy
2018-08-11 02:39:42,840 INFO org.springframework.boot.StartupInfoLogger [main] Starting MultauthenticationApplication on saurav-HP-Notebook with PID 19165 (/home/hduser/workspaces/java/multauthentication/target/classes started by hduser in /home/hduser/workspaces/java/multauthentication)
2018-08-11 02:39:42,849 DEBUG org.springframework.boot.StartupInfoLogger [main] Running with Spring Boot v1.5.16.BUILD-SNAPSHOT, Spring v4.3.18.RELEASE
2018-08-11 02:39:42,853 INFO org.springframework.boot.SpringApplication [main] No active profile set, falling back to default profiles: default
2018-08-11 02:39:42,986 INFO org.springframework.context.support.AbstractApplicationContext [main] Refreshing org.springframework.boot.context.embedded.AnnotationConfigEmbeddedWebApplicationContext@578d583e: startup date [Sat Aug 11 02:39:42 IST 2018]; root of context hierarchy
2018-08-11 02:39:43,937 INFO org.hibernate.validator.internal.util.Version [background-preinit] HV000001: Hibernate Validator 5.3.6.Final
2018-08-11 02:39:46,574 INFO org.springframework.boot.context.embedded.tomcat.TomcatEmbeddedServletContainer [main] Tomcat initialized with port(s): 8080 (http)
2018-08-11 02:39:46,623 INFO org.apache.juli.logging.DirectJDKLog [main] Initializing ProtocolHandler ["http-nio-8080"]
2018-08-11 02:39:46,674 INFO org.apache.juli.logging.DirectJDKLog [main] Starting service [Tomcat]
2018-08-11 02:39:46,692 INFO org.apache.juli.logging.DirectJDKLog [main] Starting Servlet Engine: Apache Tomcat/8.5.32
2018-08-11 02:39:46,933 INFO org.apache.juli.logging.DirectJDKLog [localhost-startStop-1] Initializing Spring embedded WebApplicationContext
2018-08-11 02:39:46,935 INFO org.springframework.boot.context.embedded.EmbeddedWebApplicationContext [localhost-startStop-1] Root WebApplicationContext: initialization completed in 3949 ms
2018-08-11 02:40:28,757 INFO org.springframework.boot.StartupInfoLogger [main] Starting MultauthenticationApplication on saurav-HP-Notebook with PID 19459 (/home/hduser/workspaces/java/multauthentication/target/classes started by hduser in /home/hduser/workspaces/java/multauthentication)
2018-08-11 02:40:28,765 DEBUG org.springframework.boot.StartupInfoLogger [main] Running with Spring Boot v1.5.16.BUILD-SNAPSHOT, Spring v4.3.18.RELEASE
2018-08-11 02:40:28,780 INFO org.springframework.boot.SpringApplication [main] No active profile set, falling back to default profiles: default
2018-08-11 02:40:28,953 INFO org.springframework.context.support.AbstractApplicationContext [main] Refreshing org.springframework.boot.context.embedded.AnnotationConfigEmbeddedWebApplicationContext@369c02dc: startup date [Sat Aug 11 02:40:28 IST 2018]; root of context hierarchy
2018-08-11 02:40:29,724 INFO org.hibernate.validator.internal.util.Version [background-preinit] HV000001: Hibernate Validator 5.3.6.Final
2018-08-11 02:40:32,624 INFO org.springframework.boot.context.embedded.tomcat.TomcatEmbeddedServletContainer [main] Tomcat initialized with port(s): 8080 (http)
2018-08-11 02:40:32,672 INFO org.apache.juli.logging.DirectJDKLog [main] Initializing ProtocolHandler ["http-nio-8080"]
2018-08-11 02:40:32,740 INFO org.apache.juli.logging.DirectJDKLog [main] Starting service [Tomcat]
2018-08-11 02:40:32,742 INFO org.apache.juli.logging.DirectJDKLog [main] Starting Servlet Engine: Apache Tomcat/8.5.32
2018-08-11 02:40:32,998 INFO org.apache.juli.logging.DirectJDKLog [localhost-startStop-1] Initializing Spring embedded WebApplicationContext
2018-08-11 02:40:32,999 INFO org.springframework.boot.context.embedded.EmbeddedWebApplicationContext [localhost-startStop-1] Root WebApplicationContext: initialization completed in 4046 ms
2018-08-11 02:40:33,821 INFO org.springframework.boot.web.servlet.AbstractFilterRegistrationBean [localhost-startStop-1] Mapping filter: 'characterEncodingFilter' to: [/*]
2018-08-11 02:40:33,824 INFO org.springframework.boot.web.servlet.AbstractFilterRegistrationBean [localhost-startStop-1] Mapping filter: 'hiddenHttpMethodFilter' to: [/*]
2018-08-11 02:40:33,827 INFO org.springframework.boot.web.servlet.AbstractFilterRegistrationBean [localhost-startStop-1] Mapping filter: 'httpPutFormContentFilter' to: [/*]
2018-08-11 02:40:33,828 INFO org.springframework.boot.web.servlet.AbstractFilterRegistrationBean [localhost-startStop-1] Mapping filter: 'requestContextFilter' to: [/*]
2018-08-11 02:40:33,831 INFO org.springframework.boot.web.servlet.AbstractFilterRegistrationBean [localhost-startStop-1] Mapping filter: 'springSecurityFilterChain' to: [/*]
2018-08-11 02:40:33,833 INFO org.springframework.boot.web.servlet.AbstractFilterRegistrationBean [localhost-startStop-1] Mapping filter: 'jwtFilter' to: [/*]
2018-08-11 02:40:33,834 INFO org.springframework.boot.web.servlet.AbstractFilterRegistrationBean [localhost-startStop-1] Mapping filter: 'siteMinderFilter' to: [/*]
2018-08-11 02:40:33,835 INFO org.springframework.boot.web.servlet.ServletRegistrationBean [localhost-startStop-1] Mapping servlet: 'dispatcherServlet' to [/]
2018-08-11 02:40:33,891 DEBUG org.springframework.web.filter.GenericFilterBean [localhost-startStop-1] Initializing filter 'siteMinderFilter'
2018-08-11 02:40:33,892 DEBUG org.springframework.web.filter.GenericFilterBean [localhost-startStop-1] Filter 'siteMinderFilter' configured successfully
2018-08-11 02:40:33,894 DEBUG org.springframework.web.filter.GenericFilterBean [localhost-startStop-1] Initializing filter 'jwtFilter'
2018-08-11 02:40:33,895 DEBUG org.springframework.web.filter.GenericFilterBean [localhost-startStop-1] Filter 'jwtFilter' configured successfully
2018-08-11 02:40:34,204 INFO org.springframework.boot.autoconfigure.security.AuthenticationManagerConfiguration$DefaultInMemoryUserDetailsManagerConfigurer [main] 

Using default security password: b9189ec0-0b2b-472c-8773-931b51bb5311

2018-08-11 02:40:34,473 INFO org.springframework.security.web.DefaultSecurityFilterChain [main] Creating filter chain: Ant [pattern='/api/smuser/**'], [org.springframework.security.web.context.request.async.WebAsyncManagerIntegrationFilter@163b7a48, org.springframework.security.web.context.SecurityContextPersistenceFilter@1c01521b, org.springframework.security.web.header.HeaderWriterFilter@63cc8341, org.springframework.security.web.csrf.CsrfFilter@75ddce7a, org.springframework.security.web.authentication.logout.LogoutFilter@6d98b23d, org.springsecurity.multauthentication.SiteMinderFilter@1b64f2a3, org.springframework.security.web.savedrequest.RequestCacheAwareFilter@5cfd5261, org.springframework.security.web.servletapi.SecurityContextHolderAwareRequestFilter@7230ef7d, org.springframework.security.web.authentication.AnonymousAuthenticationFilter@5ffd0624, org.springframework.security.web.session.SessionManagementFilter@2ea59512, org.springframework.security.web.access.ExceptionTranslationFilter@14ab4a13, org.springframework.security.web.access.intercept.FilterSecurityInterceptor@542fb071]
2018-08-11 02:40:34,480 INFO org.springframework.security.web.DefaultSecurityFilterChain [main] Creating filter chain: Ant [pattern='/api/jwt/**'], [org.springframework.security.web.context.request.async.WebAsyncManagerIntegrationFilter@6fb784da, org.springframework.security.web.context.SecurityContextPersistenceFilter@462ab162, org.springframework.security.web.header.HeaderWriterFilter@600bb0d1, org.springframework.security.web.csrf.CsrfFilter@130060aa, org.springframework.security.web.authentication.logout.LogoutFilter@d612522, org.springsecurity.multauthentication.JwtFilter@6f0a574a, org.springframework.security.web.savedrequest.RequestCacheAwareFilter@1ab5afa4, org.springframework.security.web.servletapi.SecurityContextHolderAwareRequestFilter@2705091b, org.springframework.security.web.authentication.AnonymousAuthenticationFilter@3e425c1e, org.springframework.security.web.session.SessionManagementFilter@56bf8e2f, org.springframework.security.web.access.ExceptionTranslationFilter@336df5c6, org.springframework.security.web.access.intercept.FilterSecurityInterceptor@2554b9cc]
2018-08-11 02:40:34,997 INFO org.springframework.web.servlet.mvc.method.annotation.RequestMappingHandlerAdapter [main] Looking for @ControllerAdvice: org.springframework.boot.context.embedded.AnnotationConfigEmbeddedWebApplicationContext@369c02dc: startup date [Sat Aug 11 02:40:28 IST 2018]; root of context hierarchy
2018-08-11 02:40:35,194 INFO org.springframework.web.servlet.handler.AbstractHandlerMethodMapping$MappingRegistry [main] Mapped "{[/api/jwt/test],methods=[GET]}" onto public java.lang.String org.springsecurity.multauthentication.MultipleController.jwtMethod()
2018-08-11 02:40:35,198 INFO org.springframework.web.servlet.handler.AbstractHandlerMethodMapping$MappingRegistry [main] Mapped "{[/api/smuser/test],methods=[GET]}" onto public java.lang.String org.springsecurity.multauthentication.MultipleController.siteminderMethod()
2018-08-11 02:40:35,199 INFO org.springframework.web.servlet.handler.AbstractHandlerMethodMapping$MappingRegistry [main] Mapped "{[/api/jwt/unauthorized/test],methods=[GET]}" onto public java.lang.String org.springsecurity.multauthentication.MultipleController.unauthorized()
2018-08-11 02:40:35,212 INFO org.springframework.web.servlet.handler.AbstractHandlerMethodMapping$MappingRegistry [main] Mapped "{[/error],produces=[text/html]}" onto public org.springframework.web.servlet.ModelAndView org.springframework.boot.autoconfigure.web.BasicErrorController.errorHtml(javax.servlet.http.HttpServletRequest,javax.servlet.http.HttpServletResponse)
2018-08-11 02:40:35,214 INFO org.springframework.web.servlet.handler.AbstractHandlerMethodMapping$MappingRegistry [main] Mapped "{[/error]}" onto public org.springframework.http.ResponseEntity<java.util.Map<java.lang.String, java.lang.Object>> org.springframework.boot.autoconfigure.web.BasicErrorController.error(javax.servlet.http.HttpServletRequest)
2018-08-11 02:40:35,294 INFO org.springframework.web.servlet.handler.AbstractUrlHandlerMapping [main] Mapped URL path [/webjars/**] onto handler of type [class org.springframework.web.servlet.resource.ResourceHttpRequestHandler]
2018-08-11 02:40:35,295 INFO org.springframework.web.servlet.handler.AbstractUrlHandlerMapping [main] Mapped URL path [/**] onto handler of type [class org.springframework.web.servlet.resource.ResourceHttpRequestHandler]
2018-08-11 02:40:35,404 INFO org.springframework.web.servlet.handler.AbstractUrlHandlerMapping [main] Mapped URL path [/**/favicon.ico] onto handler of type [class org.springframework.web.servlet.resource.ResourceHttpRequestHandler]
2018-08-11 02:40:35,846 INFO org.springframework.jmx.export.MBeanExporter [main] Registering beans for JMX exposure on startup
2018-08-11 02:40:35,882 INFO org.apache.juli.logging.DirectJDKLog [main] Starting ProtocolHandler ["http-nio-8080"]
2018-08-11 02:40:35,903 INFO org.apache.juli.logging.DirectJDKLog [main] Using a shared selector for servlet write/read
2018-08-11 02:40:35,951 INFO org.springframework.boot.context.embedded.tomcat.TomcatEmbeddedServletContainer [main] Tomcat started on port(s): 8080 (http)
2018-08-11 02:40:35,962 INFO org.springframework.boot.StartupInfoLogger [main] Started MultauthenticationApplication in 8.327 seconds (JVM running for 15.359)
2018-08-11 02:41:44,408 INFO org.springframework.context.support.AbstractApplicationContext [Thread-3] Closing org.springframework.boot.context.embedded.AnnotationConfigEmbeddedWebApplicationContext@369c02dc: startup date [Sat Aug 11 02:40:28 IST 2018]; root of context hierarchy
2018-08-11 02:41:44,414 INFO org.springframework.jmx.export.MBeanExporter [Thread-3] Unregistering JMX-exposed beans on shutdown
2018-08-11 02:41:58,153 INFO org.springframework.boot.StartupInfoLogger [main] Starting MultauthenticationApplication on saurav-HP-Notebook with PID 20152 (/home/hduser/workspaces/java/multauthentication/target/classes started by hduser in /home/hduser/workspaces/java/multauthentication)
2018-08-11 02:41:58,165 DEBUG org.springframework.boot.StartupInfoLogger [main] Running with Spring Boot v1.5.16.BUILD-SNAPSHOT, Spring v4.3.18.RELEASE
2018-08-11 02:41:58,167 INFO org.springframework.boot.SpringApplication [main] No active profile set, falling back to default profiles: default
2018-08-11 02:41:58,315 INFO org.springframework.context.support.AbstractApplicationContext [main] Refreshing org.springframework.boot.context.embedded.AnnotationConfigEmbeddedWebApplicationContext@10f716c2: startup date [Sat Aug 11 02:41:58 IST 2018]; root of context hierarchy
2018-08-11 02:41:59,159 INFO org.hibernate.validator.internal.util.Version [background-preinit] HV000001: Hibernate Validator 5.3.6.Final
2018-08-11 02:42:02,224 INFO org.springframework.boot.context.embedded.tomcat.TomcatEmbeddedServletContainer [main] Tomcat initialized with port(s): 8080 (http)
2018-08-11 02:42:02,288 INFO org.apache.juli.logging.DirectJDKLog [main] Initializing ProtocolHandler ["http-nio-8080"]
2018-08-11 02:42:02,358 INFO org.apache.juli.logging.DirectJDKLog [main] Starting service [Tomcat]
2018-08-11 02:42:02,360 INFO org.apache.juli.logging.DirectJDKLog [main] Starting Servlet Engine: Apache Tomcat/8.5.32
2018-08-11 02:42:02,695 INFO org.apache.juli.logging.DirectJDKLog [localhost-startStop-1] Initializing Spring embedded WebApplicationContext
2018-08-11 02:42:02,697 INFO org.springframework.boot.context.embedded.EmbeddedWebApplicationContext [localhost-startStop-1] Root WebApplicationContext: initialization completed in 4382 ms
2018-08-11 02:42:03,900 INFO org.springframework.boot.web.servlet.AbstractFilterRegistrationBean [localhost-startStop-1] Mapping filter: 'characterEncodingFilter' to: [/*]
2018-08-11 02:42:03,902 INFO org.springframework.boot.web.servlet.AbstractFilterRegistrationBean [localhost-startStop-1] Mapping filter: 'hiddenHttpMethodFilter' to: [/*]
2018-08-11 02:42:03,903 INFO org.springframework.boot.web.servlet.AbstractFilterRegistrationBean [localhost-startStop-1] Mapping filter: 'httpPutFormContentFilter' to: [/*]
2018-08-11 02:42:03,903 INFO org.springframework.boot.web.servlet.AbstractFilterRegistrationBean [localhost-startStop-1] Mapping filter: 'requestContextFilter' to: [/*]
2018-08-11 02:42:03,907 INFO org.springframework.boot.web.servlet.AbstractFilterRegistrationBean [localhost-startStop-1] Mapping filter: 'springSecurityFilterChain' to: [/*]
2018-08-11 02:42:03,908 INFO org.springframework.boot.web.servlet.AbstractFilterRegistrationBean [localhost-startStop-1] Mapping filter: 'jwtFilter' to: [/*]
2018-08-11 02:42:03,909 INFO org.springframework.boot.web.servlet.AbstractFilterRegistrationBean [localhost-startStop-1] Mapping filter: 'siteMinderFilter' to: [/*]
2018-08-11 02:42:03,911 INFO org.springframework.boot.web.servlet.ServletRegistrationBean [localhost-startStop-1] Mapping servlet: 'dispatcherServlet' to [/]
2018-08-11 02:42:03,979 DEBUG org.springframework.web.filter.GenericFilterBean [localhost-startStop-1] Initializing filter 'siteMinderFilter'
2018-08-11 02:42:03,980 DEBUG org.springframework.web.filter.GenericFilterBean [localhost-startStop-1] Filter 'siteMinderFilter' configured successfully
2018-08-11 02:42:03,982 DEBUG org.springframework.web.filter.GenericFilterBean [localhost-startStop-1] Initializing filter 'jwtFilter'
2018-08-11 02:42:03,983 DEBUG org.springframework.web.filter.GenericFilterBean [localhost-startStop-1] Filter 'jwtFilter' configured successfully
2018-08-11 02:42:04,443 INFO org.springframework.boot.autoconfigure.security.AuthenticationManagerConfiguration$DefaultInMemoryUserDetailsManagerConfigurer [main] 

Using default security password: 30eb8a2f-7bfe-454c-8651-f93e1a63d4b0

2018-08-11 02:42:04,976 INFO org.springframework.security.web.DefaultSecurityFilterChain [main] Creating filter chain: Ant [pattern='/api/smuser/**'], [org.springframework.security.web.context.request.async.WebAsyncManagerIntegrationFilter@1a2b6209, org.springframework.security.web.context.SecurityContextPersistenceFilter@740b3646, org.springframework.security.web.header.HeaderWriterFilter@1f35e05a, org.springframework.security.web.csrf.CsrfFilter@4e60c724, org.springframework.security.web.authentication.logout.LogoutFilter@55d0a0a0, org.springsecurity.multauthentication.SiteMinderFilter@59bb7fd7, org.springframework.security.web.savedrequest.RequestCacheAwareFilter@19034d3d, org.springframework.security.web.servletapi.SecurityContextHolderAwareRequestFilter@7b3c5168, org.springframework.security.web.authentication.AnonymousAuthenticationFilter@152597e8, org.springframework.security.web.session.SessionManagementFilter@5976c2bc, org.springframework.security.web.access.ExceptionTranslationFilter@4e81a3b5, org.springframework.security.web.access.intercept.FilterSecurityInterceptor@47b520fd]
2018-08-11 02:42:04,985 INFO org.springframework.security.web.DefaultSecurityFilterChain [main] Creating filter chain: Ant [pattern='/api/jwt/**'], [org.springframework.security.web.context.request.async.WebAsyncManagerIntegrationFilter@48a931b, org.springframework.security.web.context.SecurityContextPersistenceFilter@6ab3c0f3, org.springframework.security.web.header.HeaderWriterFilter@3584e81b, org.springframework.security.web.csrf.CsrfFilter@5a10a9ee, org.springframework.security.web.authentication.logout.LogoutFilter@2a5a7e3b, org.springsecurity.multauthentication.JwtFilter@726c04a, org.springframework.security.web.savedrequest.RequestCacheAwareFilter@17936878, org.springframework.security.web.servletapi.SecurityContextHolderAwareRequestFilter@5c58ea1, org.springframework.security.web.authentication.AnonymousAuthenticationFilter@1534ad9f, org.springframework.security.web.session.SessionManagementFilter@35335062, org.springframework.security.web.access.ExceptionTranslationFilter@3f5850a5, org.springframework.security.web.access.intercept.FilterSecurityInterceptor@68b9138f]
2018-08-11 02:42:05,769 INFO org.springframework.web.servlet.mvc.method.annotation.RequestMappingHandlerAdapter [main] Looking for @ControllerAdvice: org.springframework.boot.context.embedded.AnnotationConfigEmbeddedWebApplicationContext@10f716c2: startup date [Sat Aug 11 02:41:58 IST 2018]; root of context hierarchy
2018-08-11 02:42:06,029 INFO org.springframework.web.servlet.handler.AbstractHandlerMethodMapping$MappingRegistry [main] Mapped "{[/api/smuser/test],methods=[GET]}" onto public java.lang.String org.springsecurity.multauthentication.MultipleController.siteminderMethod()
2018-08-11 02:42:06,033 INFO org.springframework.web.servlet.handler.AbstractHandlerMethodMapping$MappingRegistry [main] Mapped "{[/api/jwt/test],methods=[GET]}" onto public java.lang.String org.springsecurity.multauthentication.MultipleController.jwtMethod()
2018-08-11 02:42:06,034 INFO org.springframework.web.servlet.handler.AbstractHandlerMethodMapping$MappingRegistry [main] Mapped "{[/api/jwt/unauthorized/test],methods=[GET]}" onto public java.lang.String org.springsecurity.multauthentication.MultipleController.unauthorized()
2018-08-11 02:42:06,047 INFO org.springframework.web.servlet.handler.AbstractHandlerMethodMapping$MappingRegistry [main] Mapped "{[/error],produces=[text/html]}" onto public org.springframework.web.servlet.ModelAndView org.springframework.boot.autoconfigure.web.BasicErrorController.errorHtml(javax.servlet.http.HttpServletRequest,javax.servlet.http.HttpServletResponse)
2018-08-11 02:42:06,050 INFO org.springframework.web.servlet.handler.AbstractHandlerMethodMapping$MappingRegistry [main] Mapped "{[/error]}" onto public org.springframework.http.ResponseEntity<java.util.Map<java.lang.String, java.lang.Object>> org.springframework.boot.autoconfigure.web.BasicErrorController.error(javax.servlet.http.HttpServletRequest)
2018-08-11 02:42:06,163 INFO org.springframework.web.servlet.handler.AbstractUrlHandlerMapping [main] Mapped URL path [/webjars/**] onto handler of type [class org.springframework.web.servlet.resource.ResourceHttpRequestHandler]
2018-08-11 02:42:06,165 INFO org.springframework.web.servlet.handler.AbstractUrlHandlerMapping [main] Mapped URL path [/**] onto handler of type [class org.springframework.web.servlet.resource.ResourceHttpRequestHandler]
2018-08-11 02:42:06,308 INFO org.springframework.web.servlet.handler.AbstractUrlHandlerMapping [main] Mapped URL path [/**/favicon.ico] onto handler of type [class org.springframework.web.servlet.resource.ResourceHttpRequestHandler]
2018-08-11 02:42:07,111 INFO org.springframework.jmx.export.MBeanExporter [main] Registering beans for JMX exposure on startup
2018-08-11 02:42:07,152 INFO org.apache.juli.logging.DirectJDKLog [main] Starting ProtocolHandler ["http-nio-8080"]
2018-08-11 02:42:07,170 INFO org.apache.juli.logging.DirectJDKLog [main] Using a shared selector for servlet write/read
2018-08-11 02:42:07,258 INFO org.springframework.boot.context.embedded.tomcat.TomcatEmbeddedServletContainer [main] Tomcat started on port(s): 8080 (http)
2018-08-11 02:42:07,286 INFO org.springframework.boot.StartupInfoLogger [main] Started MultauthenticationApplication in 10.741 seconds (JVM running for 18.79)
2018-08-11 02:42:41,416 INFO org.apache.juli.logging.DirectJDKLog [http-nio-8080-exec-1] Initializing Spring FrameworkServlet 'dispatcherServlet'
2018-08-11 02:42:41,418 INFO org.springframework.web.servlet.FrameworkServlet [http-nio-8080-exec-1] FrameworkServlet 'dispatcherServlet': initialization started
2018-08-11 02:42:41,464 INFO org.springframework.web.servlet.FrameworkServlet [http-nio-8080-exec-1] FrameworkServlet 'dispatcherServlet': initialization completed in 46 ms
2018-08-11 02:45:48,046 INFO org.springframework.boot.StartupInfoLogger [main] Starting MultauthenticationApplication on saurav-HP-Notebook with PID 21201 (/home/hduser/workspaces/java/multauthentication/target/classes started by hduser in /home/hduser/workspaces/java/multauthentication)
2018-08-11 02:45:48,063 DEBUG org.springframework.boot.StartupInfoLogger [main] Running with Spring Boot v1.5.16.BUILD-SNAPSHOT, Spring v4.3.18.RELEASE
2018-08-11 02:45:48,065 INFO org.springframework.boot.SpringApplication [main] No active profile set, falling back to default profiles: default
2018-08-11 02:45:48,210 INFO org.springframework.context.support.AbstractApplicationContext [main] Refreshing org.springframework.boot.context.embedded.AnnotationConfigEmbeddedWebApplicationContext@3a220742: startup date [Sat Aug 11 02:45:48 IST 2018]; root of context hierarchy
2018-08-11 02:45:49,119 INFO org.hibernate.validator.internal.util.Version [background-preinit] HV000001: Hibernate Validator 5.3.6.Final
2018-08-11 02:45:52,522 INFO org.springframework.boot.context.embedded.tomcat.TomcatEmbeddedServletContainer [main] Tomcat initialized with port(s): 8080 (http)
2018-08-11 02:45:52,589 INFO org.apache.juli.logging.DirectJDKLog [main] Initializing ProtocolHandler ["http-nio-8080"]
2018-08-11 02:45:52,633 INFO org.apache.juli.logging.DirectJDKLog [main] Starting service [Tomcat]
2018-08-11 02:45:52,635 INFO org.apache.juli.logging.DirectJDKLog [main] Starting Servlet Engine: Apache Tomcat/8.5.32
2018-08-11 02:45:52,946 INFO org.apache.juli.logging.DirectJDKLog [localhost-startStop-1] Initializing Spring embedded WebApplicationContext
2018-08-11 02:45:52,947 INFO org.springframework.boot.context.embedded.EmbeddedWebApplicationContext [localhost-startStop-1] Root WebApplicationContext: initialization completed in 4738 ms
2018-08-11 02:45:54,116 INFO org.springframework.boot.web.servlet.AbstractFilterRegistrationBean [localhost-startStop-1] Mapping filter: 'characterEncodingFilter' to: [/*]
2018-08-11 02:45:54,118 INFO org.springframework.boot.web.servlet.AbstractFilterRegistrationBean [localhost-startStop-1] Mapping filter: 'hiddenHttpMethodFilter' to: [/*]
2018-08-11 02:45:54,119 INFO org.springframework.boot.web.servlet.AbstractFilterRegistrationBean [localhost-startStop-1] Mapping filter: 'httpPutFormContentFilter' to: [/*]
2018-08-11 02:45:54,120 INFO org.springframework.boot.web.servlet.AbstractFilterRegistrationBean [localhost-startStop-1] Mapping filter: 'requestContextFilter' to: [/*]
2018-08-11 02:45:54,124 INFO org.springframework.boot.web.servlet.AbstractFilterRegistrationBean [localhost-startStop-1] Mapping filter: 'springSecurityFilterChain' to: [/*]
2018-08-11 02:45:54,125 INFO org.springframework.boot.web.servlet.AbstractFilterRegistrationBean [localhost-startStop-1] Mapping filter: 'jwtFilter' to: [/*]
2018-08-11 02:45:54,126 INFO org.springframework.boot.web.servlet.AbstractFilterRegistrationBean [localhost-startStop-1] Mapping filter: 'siteMinderFilter' to: [/*]
2018-08-11 02:45:54,127 INFO org.springframework.boot.web.servlet.ServletRegistrationBean [localhost-startStop-1] Mapping servlet: 'dispatcherServlet' to [/]
2018-08-11 02:45:54,189 DEBUG org.springframework.web.filter.GenericFilterBean [localhost-startStop-1] Initializing filter 'siteMinderFilter'
2018-08-11 02:45:54,190 DEBUG org.springframework.web.filter.GenericFilterBean [localhost-startStop-1] Filter 'siteMinderFilter' configured successfully
2018-08-11 02:45:54,191 DEBUG org.springframework.web.filter.GenericFilterBean [localhost-startStop-1] Initializing filter 'jwtFilter'
2018-08-11 02:45:54,192 DEBUG org.springframework.web.filter.GenericFilterBean [localhost-startStop-1] Filter 'jwtFilter' configured successfully
2018-08-11 02:45:54,658 INFO org.springframework.boot.autoconfigure.security.AuthenticationManagerConfiguration$DefaultInMemoryUserDetailsManagerConfigurer [main] 

Using default security password: c45b977e-57f6-46c3-85b2-35062ea5ec75

2018-08-11 02:45:55,284 INFO org.springframework.security.web.DefaultSecurityFilterChain [main] Creating filter chain: Ant [pattern='/api/smuser/**'], [org.springframework.security.web.context.request.async.WebAsyncManagerIntegrationFilter@7206be8e, org.springframework.security.web.context.SecurityContextPersistenceFilter@24809ad5, org.springframework.security.web.header.HeaderWriterFilter@327d3cd5, org.springframework.security.web.csrf.CsrfFilter@7a9ca7b4, org.springframework.security.web.authentication.logout.LogoutFilter@596d2a53, org.springsecurity.multauthentication.SiteMinderFilter@2abe7db8, org.springframework.security.web.savedrequest.RequestCacheAwareFilter@25806d87, org.springframework.security.web.servletapi.SecurityContextHolderAwareRequestFilter@6e5c4723, org.springframework.security.web.authentication.AnonymousAuthenticationFilter@3cc9125, org.springframework.security.web.session.SessionManagementFilter@2a27fa97, org.springframework.security.web.access.ExceptionTranslationFilter@a1d0c19, org.springframework.security.web.access.intercept.FilterSecurityInterceptor@232b2c35]
2018-08-11 02:45:55,307 INFO org.springframework.security.web.DefaultSecurityFilterChain [main] Creating filter chain: Ant [pattern='/api/jwt/**'], [org.springframework.security.web.context.request.async.WebAsyncManagerIntegrationFilter@4c51f5a8, org.springframework.security.web.context.SecurityContextPersistenceFilter@69c1f776, org.springframework.security.web.header.HeaderWriterFilter@410f063b, org.springframework.security.web.csrf.CsrfFilter@4483f303, org.springframework.security.web.authentication.logout.LogoutFilter@3fd9452e, org.springsecurity.multauthentication.JwtFilter@73d28eb1, org.springframework.security.web.savedrequest.RequestCacheAwareFilter@3ceb5cc4, org.springframework.security.web.servletapi.SecurityContextHolderAwareRequestFilter@5ecabbc, org.springframework.security.web.authentication.AnonymousAuthenticationFilter@69a1ba2, org.springframework.security.web.session.SessionManagementFilter@320101de, org.springframework.security.web.access.ExceptionTranslationFilter@7bf5d143, org.springframework.security.web.access.intercept.FilterSecurityInterceptor@37649b70]
2018-08-11 02:45:56,030 INFO org.springframework.web.servlet.mvc.method.annotation.RequestMappingHandlerAdapter [main] Looking for @ControllerAdvice: org.springframework.boot.context.embedded.AnnotationConfigEmbeddedWebApplicationContext@3a220742: startup date [Sat Aug 11 02:45:48 IST 2018]; root of context hierarchy
2018-08-11 02:45:56,290 INFO org.springframework.web.servlet.handler.AbstractHandlerMethodMapping$MappingRegistry [main] Mapped "{[/api/jwt/unauthorized/test],methods=[GET]}" onto public java.lang.String org.springsecurity.multauthentication.MultipleController.unauthorized()
2018-08-11 02:45:56,306 INFO org.springframework.web.servlet.handler.AbstractHandlerMethodMapping$MappingRegistry [main] Mapped "{[/api/smuser/test],methods=[GET]}" onto public java.lang.String org.springsecurity.multauthentication.MultipleController.siteminderMethod()
2018-08-11 02:45:56,307 INFO org.springframework.web.servlet.handler.AbstractHandlerMethodMapping$MappingRegistry [main] Mapped "{[/api/jwt/test],methods=[GET]}" onto public java.lang.String org.springsecurity.multauthentication.MultipleController.jwtMethod()
2018-08-11 02:45:56,320 INFO org.springframework.web.servlet.handler.AbstractHandlerMethodMapping$MappingRegistry [main] Mapped "{[/error],produces=[text/html]}" onto public org.springframework.web.servlet.ModelAndView org.springframework.boot.autoconfigure.web.BasicErrorController.errorHtml(javax.servlet.http.HttpServletRequest,javax.servlet.http.HttpServletResponse)
2018-08-11 02:45:56,323 INFO org.springframework.web.servlet.handler.AbstractHandlerMethodMapping$MappingRegistry [main] Mapped "{[/error]}" onto public org.springframework.http.ResponseEntity<java.util.Map<java.lang.String, java.lang.Object>> org.springframework.boot.autoconfigure.web.BasicErrorController.error(javax.servlet.http.HttpServletRequest)
2018-08-11 02:45:56,452 INFO org.springframework.web.servlet.handler.AbstractUrlHandlerMapping [main] Mapped URL path [/webjars/**] onto handler of type [class org.springframework.web.servlet.resource.ResourceHttpRequestHandler]
2018-08-11 02:45:56,453 INFO org.springframework.web.servlet.handler.AbstractUrlHandlerMapping [main] Mapped URL path [/**] onto handler of type [class org.springframework.web.servlet.resource.ResourceHttpRequestHandler]
2018-08-11 02:45:56,608 INFO org.springframework.web.servlet.handler.AbstractUrlHandlerMapping [main] Mapped URL path [/**/favicon.ico] onto handler of type [class org.springframework.web.servlet.resource.ResourceHttpRequestHandler]
2018-08-11 02:45:57,427 INFO org.springframework.jmx.export.MBeanExporter [main] Registering beans for JMX exposure on startup
2018-08-11 02:45:57,466 INFO org.apache.juli.logging.DirectJDKLog [main] Starting ProtocolHandler ["http-nio-8080"]
2018-08-11 02:45:57,485 INFO org.apache.juli.logging.DirectJDKLog [main] Using a shared selector for servlet write/read
2018-08-11 02:45:57,567 INFO org.springframework.boot.context.embedded.tomcat.TomcatEmbeddedServletContainer [main] Tomcat started on port(s): 8080 (http)
2018-08-11 02:45:57,592 INFO org.springframework.boot.StartupInfoLogger [main] Started MultauthenticationApplication in 10.853 seconds (JVM running for 18.934)
2018-08-11 02:48:09,124 INFO org.apache.juli.logging.DirectJDKLog [http-nio-8080-exec-1] Initializing Spring FrameworkServlet 'dispatcherServlet'
2018-08-11 02:48:09,125 INFO org.springframework.web.servlet.FrameworkServlet [http-nio-8080-exec-1] FrameworkServlet 'dispatcherServlet': initialization started
2018-08-11 02:48:09,171 INFO org.springframework.web.servlet.FrameworkServlet [http-nio-8080-exec-1] FrameworkServlet 'dispatcherServlet': initialization completed in 45 ms
